<?xml version="1.0" encoding="UTF-8"?>
<testsuite xmlns:xsi="http://www.w3.org/2001/XMLSchema-instance" xsi:noNamespaceSchemaLocation="https://maven.apache.org/surefire/maven-surefire-plugin/xsd/surefire-test-report.xsd" name="vending.VendingMachineTest" time="0.049" tests="6" errors="0" skipped="0" failures="0">
  <properties>
[...]
</properties>
  <testcase name="AtestBuyItemWithExactPrice" classname="vending.VendingMachineTest" time="0.004"/>
  <testcase name="BtestBuyItemWithMorePrice" classname="vending.VendingMachineTest" time="0.001"/>
  <testcase name="CtestRefund" classname="vending.VendingMachineTest" time="0.001"/>
  <testcase name="DtestSoldOut" classname="vending.VendingMachineTest" time="0.002"/>
  <testcase name="EtestNotSufficientChangeException" classname="vending.VendingMachineTest" time="0.002"/>
  <testcase name="FtestReset" classname="vending.VendingMachineTest" time="0"/>
</testsuite>